build/app/intermediates/manifest_merge_blame_file/release/manifest-merger-blame-release-report.txt
1<?xml version="1.0" encoding="utf-8"?>
2<manifest xmlns:android="http://schemas.android.com/apk/res/android"
3    package="com.mycompany.alphachecklist"
4    android:versionCode="1"
5    android:versionName="1.0.0" >
6
7    <uses-sdk
8        android:minSdkVersion="23"
9        android:targetSdkVersion="34" />
10
11    <uses-permission android:name="android.permission.INTERNET" />
11-->src\main\AndroidManifest.xml:4:5-66
11-->src\main\AndroidManifest.xml:4:22-64
12    <uses-permission android:name="android.permission.POST_NOTIFICATIONS" />
12-->src\main\AndroidManifest.xml:6:5-76
12-->src\main\AndroidManifest.xml:6:22-74
13    <uses-permission android:name="android.permission.MANAGE_EXTERNAL_STORAGE" />
13-->src\main\AndroidManifest.xml:7:5-81
13-->src\main\AndroidManifest.xml:7:22-79
14    <uses-permission android:name="android.permission.WRITE_EXTERNAL_STORAGE" />
14-->src\main\AndroidManifest.xml:8:5-80
14-->src\main\AndroidManifest.xml:8:22-78
15    <uses-permission android:name="android.permission.READ_EXTERNAL_STORAGE" />
15-->src\main\AndroidManifest.xml:9:5-79
15-->src\main\AndroidManifest.xml:9:22-77
16    <uses-permission android:name="android.permission.BROADCAST_CLOSE_SYSTEM_DIALOGS" />
16-->[:awesome_notifications] AndroidManifest.xml:8:5-89
16-->[:awesome_notifications] AndroidManifest.xml:8:22-86
17    <uses-permission android:name="android.permission.RECEIVE_BOOT_COMPLETED" />
17-->[:awesome_notifications] AndroidManifest.xml:9:5-81
17-->[:awesome_notifications] AndroidManifest.xml:9:22-78
18    <uses-permission android:name="android.permission.VIBRATE" />
18-->[:awesome_notifications] AndroidManifest.xml:10:5-66
18-->[:awesome_notifications] AndroidManifest.xml:10:22-63
19
20    <queries>
20-->[:file_picker] AndroidManifest.xml:7:5-13:15
21        <intent>
21-->[:file_picker] AndroidManifest.xml:8:9-12:18
22            <action android:name="android.intent.action.GET_CONTENT" />
22-->[:file_picker] AndroidManifest.xml:9:13-72
22-->[:file_picker] AndroidManifest.xml:9:21-69
23
24            <data android:mimeType="*/*" />
24-->src\main\AndroidManifest.xml:51:17-91
25        </intent>
26    </queries>
27
28    <uses-permission
28-->[me.carda:AndroidAwnCore:0.9.3] AndroidManifest.xml:10:5-12:38
29        android:name="android.permission.BIND_NOTIFICATION_LISTENER_SERVICE"
29-->[me.carda:AndroidAwnCore:0.9.3] AndroidManifest.xml:11:9-77
30        android:maxSdkVersion="22" />
30-->[me.carda:AndroidAwnCore:0.9.3] AndroidManifest.xml:12:9-35
31    <uses-permission android:name="android.permission.ACCESS_NETWORK_STATE" />
31-->[com.google.firebase:firebase-config:22.0.1] AndroidManifest.xml:22:5-79
31-->[com.google.firebase:firebase-config:22.0.1] AndroidManifest.xml:22:22-76
32
33    <permission
33-->[androidx.core:core:1.13.1] AndroidManifest.xml:22:5-24:47
34        android:name="com.mycompany.alphachecklist.DYNAMIC_RECEIVER_NOT_EXPORTED_PERMISSION"
34-->[androidx.core:core:1.13.1] AndroidManifest.xml:23:9-81
35        android:protectionLevel="signature" />
35-->[androidx.core:core:1.13.1] AndroidManifest.xml:24:9-44
36
37    <uses-permission android:name="com.mycompany.alphachecklist.DYNAMIC_RECEIVER_NOT_EXPORTED_PERMISSION" /> <!-- for android -->
37-->[androidx.core:core:1.13.1] AndroidManifest.xml:26:5-97
37-->[androidx.core:core:1.13.1] AndroidManifest.xml:26:22-94
38    <!-- <uses-permission android:name="com.android.launcher.permission.READ_SETTINGS"/> -->
39    <!-- <uses-permission android:name="com.android.launcher.permission.WRITE_SETTINGS"/> -->
40    <!-- <uses-permission android:name="com.android.launcher.permission.INSTALL_SHORTCUT" /> -->
41    <!-- <uses-permission android:name="com.android.launcher.permission.UNINSTALL_SHORTCUT" /> -->
42    <!-- for Samsung -->
43    <uses-permission android:name="com.sec.android.provider.badge.permission.READ" />
43-->[me.leolin:ShortcutBadger:1.1.22] AndroidManifest.xml:19:5-86
43-->[me.leolin:ShortcutBadger:1.1.22] AndroidManifest.xml:19:22-83
44    <uses-permission android:name="com.sec.android.provider.badge.permission.WRITE" /> <!-- for htc -->
44-->[me.leolin:ShortcutBadger:1.1.22] AndroidManifest.xml:20:5-87
44-->[me.leolin:ShortcutBadger:1.1.22] AndroidManifest.xml:20:22-84
45    <uses-permission android:name="com.htc.launcher.permission.READ_SETTINGS" />
45-->[me.leolin:ShortcutBadger:1.1.22] AndroidManifest.xml:23:5-81
45-->[me.leolin:ShortcutBadger:1.1.22] AndroidManifest.xml:23:22-78
46    <uses-permission android:name="com.htc.launcher.permission.UPDATE_SHORTCUT" /> <!-- for sony -->
46-->[me.leolin:ShortcutBadger:1.1.22] AndroidManifest.xml:24:5-83
46-->[me.leolin:ShortcutBadger:1.1.22] AndroidManifest.xml:24:22-80
47    <uses-permission android:name="com.sonyericsson.home.permission.BROADCAST_BADGE" />
47-->[me.leolin:ShortcutBadger:1.1.22] AndroidManifest.xml:27:5-88
47-->[me.leolin:ShortcutBadger:1.1.22] AndroidManifest.xml:27:22-85
48    <uses-permission android:name="com.sonymobile.home.permission.PROVIDER_INSERT_BADGE" /> <!-- for apex -->
48-->[me.leolin:ShortcutBadger:1.1.22] AndroidManifest.xml:28:5-92
48-->[me.leolin:ShortcutBadger:1.1.22] AndroidManifest.xml:28:22-89
49    <uses-permission android:name="com.anddoes.launcher.permission.UPDATE_COUNT" /> <!-- for solid -->
49-->[me.leolin:ShortcutBadger:1.1.22] AndroidManifest.xml:31:5-84
49-->[me.leolin:ShortcutBadger:1.1.22] AndroidManifest.xml:31:22-81
50    <uses-permission android:name="com.majeur.launcher.permission.UPDATE_BADGE" /> <!-- for huawei -->
50-->[me.leolin:ShortcutBadger:1.1.22] AndroidManifest.xml:34:5-83
50-->[me.leolin:ShortcutBadger:1.1.22] AndroidManifest.xml:34:22-80
51    <uses-permission android:name="com.huawei.android.launcher.permission.CHANGE_BADGE" />
51-->[me.leolin:ShortcutBadger:1.1.22] AndroidManifest.xml:37:5-91
51-->[me.leolin:ShortcutBadger:1.1.22] AndroidManifest.xml:37:22-88
52    <uses-permission android:name="com.huawei.android.launcher.permission.READ_SETTINGS" />
52-->[me.leolin:ShortcutBadger:1.1.22] AndroidManifest.xml:38:5-92
52-->[me.leolin:ShortcutBadger:1.1.22] AndroidManifest.xml:38:22-89
53    <uses-permission android:name="com.huawei.android.launcher.permission.WRITE_SETTINGS" /> <!-- for ZUK -->
53-->[me.leolin:ShortcutBadger:1.1.22] AndroidManifest.xml:39:5-93
53-->[me.leolin:ShortcutBadger:1.1.22] AndroidManifest.xml:39:22-90
54    <uses-permission android:name="android.permission.READ_APP_BADGE" /> <!-- for OPPO -->
54-->[me.leolin:ShortcutBadger:1.1.22] AndroidManifest.xml:42:5-73
54-->[me.leolin:ShortcutBadger:1.1.22] AndroidManifest.xml:42:22-70
55    <uses-permission android:name="com.oppo.launcher.permission.READ_SETTINGS" />
55-->[me.leolin:ShortcutBadger:1.1.22] AndroidManifest.xml:45:5-82
55-->[me.leolin:ShortcutBadger:1.1.22] AndroidManifest.xml:45:22-79
56    <uses-permission android:name="com.oppo.launcher.permission.WRITE_SETTINGS" /> <!-- for EvMe -->
56-->[me.leolin:ShortcutBadger:1.1.22] AndroidManifest.xml:46:5-83
56-->[me.leolin:ShortcutBadger:1.1.22] AndroidManifest.xml:46:22-80
57    <uses-permission android:name="me.everything.badger.permission.BADGE_COUNT_READ" />
57-->[me.leolin:ShortcutBadger:1.1.22] AndroidManifest.xml:49:5-88
57-->[me.leolin:ShortcutBadger:1.1.22] AndroidManifest.xml:49:22-85
58    <uses-permission android:name="me.everything.badger.permission.BADGE_COUNT_WRITE" />
58-->[me.leolin:ShortcutBadger:1.1.22] AndroidManifest.xml:50:5-89
58-->[me.leolin:ShortcutBadger:1.1.22] AndroidManifest.xml:50:22-86
59
60    <application
60-->src\main\AndroidManifest.xml:10:5-64:19
61        android:appComponentFactory="androidx.core.app.CoreComponentFactory"
61-->[androidx.core:core:1.13.1] AndroidManifest.xml:28:18-86
62        android:extractNativeLibs="false"
63        android:icon="@mipmap/launcher_icon"
63-->src\main\AndroidManifest.xml:13:9-45
64        android:label="Alpha Checklist"
64-->src\main\AndroidManifest.xml:11:9-40
65        android:requestLegacyExternalStorage="true" >
65-->src\main\AndroidManifest.xml:14:9-52
66        <activity
66-->src\main\AndroidManifest.xml:16:9-54:20
67            android:name="com.mycompany.alphachecklist.MainActivity"
67-->src\main\AndroidManifest.xml:17:13-41
68            android:configChanges="orientation|keyboardHidden|keyboard|screenSize|smallestScreenSize|locale|layoutDirection|fontScale|screenLayout|density|uiMode"
68-->src\main\AndroidManifest.xml:21:13-163
69            android:exported="true"
69-->src\main\AndroidManifest.xml:18:13-36
70            android:hardwareAccelerated="true"
70-->src\main\AndroidManifest.xml:22:13-47
71            android:launchMode="singleTop"
71-->src\main\AndroidManifest.xml:19:13-43
72            android:theme="@style/LaunchTheme"
72-->src\main\AndroidManifest.xml:20:13-47
73            android:windowSoftInputMode="adjustResize" >
73-->src\main\AndroidManifest.xml:23:13-55
74
75            <!--
76                 Specifies an Android theme to apply to this Activity as soon as
77                 the Android process has started. This theme is visible to the user
78                 while the Flutter UI initializes. After that, this theme continues
79                 to determine the Window background behind the Flutter UI.
80            -->
81            <meta-data
81-->src\main\AndroidManifest.xml:28:13-31:17
82                android:name="io.flutter.embedding.android.NormalTheme"
82-->src\main\AndroidManifest.xml:29:15-70
83                android:resource="@style/NormalTheme" />
83-->src\main\AndroidManifest.xml:30:15-52
84            <!--
85                 Displays an Android View that continues showing the launch screen
86                 Drawable until Flutter paints its first frame, then this splash
87                 screen fades out. A splash screen is useful to avoid any visual
88                 gap between the end of Android's launch screen and the painting of
89                 Flutter's first frame.
90            -->
91            <meta-data
91-->src\main\AndroidManifest.xml:37:13-40:17
92                android:name="io.flutter.embedding.android.SplashScreenDrawable"
92-->src\main\AndroidManifest.xml:38:15-79
93                android:resource="@drawable/launch_background" />
93-->src\main\AndroidManifest.xml:39:15-61
94
95            <intent-filter>
95-->src\main\AndroidManifest.xml:41:13-44:29
96                <action android:name="android.intent.action.MAIN" />
96-->src\main\AndroidManifest.xml:42:17-68
96-->src\main\AndroidManifest.xml:42:25-66
97
98                <category android:name="android.intent.category.LAUNCHER" />
98-->src\main\AndroidManifest.xml:43:17-76
98-->src\main\AndroidManifest.xml:43:27-74
99            </intent-filter>
100            <!-- Deep linking -->
101            <meta-data
101-->src\main\AndroidManifest.xml:46:13-90
102                android:name="flutter_deeplinking_enabled"
102-->src\main\AndroidManifest.xml:46:24-66
103                android:value="true" />
103-->src\main\AndroidManifest.xml:46:67-87
104
105            <intent-filter android:autoVerify="true" >
105-->src\main\AndroidManifest.xml:47:13-52:29
105-->src\main\AndroidManifest.xml:47:28-53
106                <action android:name="android.intent.action.VIEW" />
106-->src\main\AndroidManifest.xml:48:17-69
106-->src\main\AndroidManifest.xml:48:25-66
107
108                <category android:name="android.intent.category.DEFAULT" />
108-->src\main\AndroidManifest.xml:49:17-76
108-->src\main\AndroidManifest.xml:49:27-73
109                <category android:name="android.intent.category.BROWSABLE" />
109-->src\main\AndroidManifest.xml:50:17-78
109-->src\main\AndroidManifest.xml:50:27-75
110
111                <data
111-->src\main\AndroidManifest.xml:51:17-91
112                    android:host="alphachecklist.com"
112-->src\main\AndroidManifest.xml:51:55-88
113                    android:scheme="alphachecklist" />
113-->src\main\AndroidManifest.xml:51:23-54
114            </intent-filter>
115        </activity>
116
117        <!--
118             Don't delete the meta-data below.
119             This is used by the Flutter tool to generate GeneratedPluginRegistrant.java
120        -->
121        <meta-data
121-->src\main\AndroidManifest.xml:58:9-60:33
122            android:name="flutterEmbedding"
122-->src\main\AndroidManifest.xml:59:13-44
123            android:value="2" />
123-->src\main\AndroidManifest.xml:60:13-30
124
125        <receiver
125-->[:awesome_notifications] AndroidManifest.xml:13:9-15:39
126            android:name="me.carda.awesome_notifications.DartNotificationActionReceiver"
126-->[:awesome_notifications] AndroidManifest.xml:14:13-89
127            android:exported="true" />
127-->[:awesome_notifications] AndroidManifest.xml:15:13-36
128        <receiver
128-->[:awesome_notifications] AndroidManifest.xml:16:9-18:39
129            android:name="me.carda.awesome_notifications.DartDismissedNotificationReceiver"
129-->[:awesome_notifications] AndroidManifest.xml:17:13-92
130            android:exported="true" />
130-->[:awesome_notifications] AndroidManifest.xml:18:13-36
131        <receiver
131-->[:awesome_notifications] AndroidManifest.xml:19:9-21:39
132            android:name="me.carda.awesome_notifications.DartScheduledNotificationReceiver"
132-->[:awesome_notifications] AndroidManifest.xml:20:13-92
133            android:exported="true" />
133-->[:awesome_notifications] AndroidManifest.xml:21:13-36
134        <receiver
134-->[:awesome_notifications] AndroidManifest.xml:22:9-36:20
135            android:name="me.carda.awesome_notifications.DartRefreshSchedulesReceiver"
135-->[:awesome_notifications] AndroidManifest.xml:23:13-87
136            android:enabled="true"
136-->[:awesome_notifications] AndroidManifest.xml:24:13-35
137            android:exported="true" >
137-->[:awesome_notifications] AndroidManifest.xml:25:13-36
138            <intent-filter>
138-->[:awesome_notifications] AndroidManifest.xml:26:13-35:29
139                <category android:name="android.intent.category.DEFAULT" />
139-->src\main\AndroidManifest.xml:49:17-76
139-->src\main\AndroidManifest.xml:49:27-73
140
141                <action android:name="android.intent.action.BOOT_COMPLETED" />
141-->[:awesome_notifications] AndroidManifest.xml:29:17-79
141-->[:awesome_notifications] AndroidManifest.xml:29:25-76
142                <action android:name="android.intent.action.LOCKED_BOOT_COMPLETED" />
142-->[:awesome_notifications] AndroidManifest.xml:30:17-86
142-->[:awesome_notifications] AndroidManifest.xml:30:25-83
143                <action android:name="android.intent.action.MY_PACKAGE_REPLACED" />
143-->[:awesome_notifications] AndroidManifest.xml:31:17-84
143-->[:awesome_notifications] AndroidManifest.xml:31:25-81
144                <action android:name="android.intent.action.QUICKBOOT_POWERON" />
144-->[:awesome_notifications] AndroidManifest.xml:32:17-82
144-->[:awesome_notifications] AndroidManifest.xml:32:25-79
145                <action android:name="com.htc.intent.action.QUICKBOOT_POWERON" />
145-->[:awesome_notifications] AndroidManifest.xml:33:17-82
145-->[:awesome_notifications] AndroidManifest.xml:33:25-79
146                <action android:name="android.app.action.SCHEDULE_EXACT_ALARM_PERMISSION_STATE_CHANGED" />
146-->[:awesome_notifications] AndroidManifest.xml:34:17-107
146-->[:awesome_notifications] AndroidManifest.xml:34:25-104
147            </intent-filter>
148        </receiver>
149
150        <service
150-->[:awesome_notifications] AndroidManifest.xml:38:9-41:72
151            android:name="me.carda.awesome_notifications.DartBackgroundService"
151-->[:awesome_notifications] AndroidManifest.xml:39:13-80
152            android:exported="false"
152-->[:awesome_notifications] AndroidManifest.xml:40:13-37
153            android:permission="android.permission.BIND_JOB_SERVICE" />
153-->[:awesome_notifications] AndroidManifest.xml:41:13-69
154        <service
154-->[:awesome_notifications] AndroidManifest.xml:42:9-47:43
155            android:name="me.carda.awesome_notifications.core.services.ForegroundService"
155-->[:awesome_notifications] AndroidManifest.xml:43:13-90
156            android:enabled="true"
156-->[:awesome_notifications] AndroidManifest.xml:44:13-35
157            android:exported="false"
157-->[:awesome_notifications] AndroidManifest.xml:45:13-37
158            android:foregroundServiceType="phoneCall"
158-->[:awesome_notifications] AndroidManifest.xml:46:13-54
159            android:stopWithTask="true" />
159-->[:awesome_notifications] AndroidManifest.xml:47:13-40
160        <service
160-->[:firebase_performance] AndroidManifest.xml:10:9-14:19
161            android:name="com.google.firebase.components.ComponentDiscoveryService"
161-->[:firebase_performance] AndroidManifest.xml:10:18-89
162            android:directBootAware="true"
162-->[com.google.firebase:firebase-common:21.0.0] AndroidManifest.xml:32:13-43
163            android:exported="false" >
163-->[com.google.firebase:firebase-perf:21.0.2] AndroidManifest.xml:13:13-37
164            <meta-data
164-->[:firebase_performance] AndroidManifest.xml:11:13-13:85
165                android:name="com.google.firebase.components:io.flutter.plugins.firebase.performance.FlutterFirebaseAppRegistrar"
165-->[:firebase_performance] AndroidManifest.xml:12:17-130
166                android:value="com.google.firebase.components.ComponentRegistrar" />
166-->[:firebase_performance] AndroidManifest.xml:13:17-82
167            <meta-data
167-->[:firebase_core] AndroidManifest.xml:9:13-11:85
168                android:name="com.google.firebase.components:io.flutter.plugins.firebase.core.FlutterFirebaseCoreRegistrar"
168-->[:firebase_core] AndroidManifest.xml:10:17-124
169                android:value="com.google.firebase.components.ComponentRegistrar" />
169-->[:firebase_core] AndroidManifest.xml:11:17-82
170            <meta-data
170-->[com.google.firebase:firebase-perf:21.0.2] AndroidManifest.xml:14:13-16:85
171                android:name="com.google.firebase.components:com.google.firebase.perf.FirebasePerfKtxRegistrar"
171-->[com.google.firebase:firebase-perf:21.0.2] AndroidManifest.xml:15:17-112
172                android:value="com.google.firebase.components.ComponentRegistrar" />
172-->[com.google.firebase:firebase-perf:21.0.2] AndroidManifest.xml:16:17-82
173            <meta-data
173-->[com.google.firebase:firebase-perf:21.0.2] AndroidManifest.xml:17:13-19:85
174                android:name="com.google.firebase.components:com.google.firebase.perf.FirebasePerfRegistrar"
174-->[com.google.firebase:firebase-perf:21.0.2] AndroidManifest.xml:18:17-109
175                android:value="com.google.firebase.components.ComponentRegistrar" />
175-->[com.google.firebase:firebase-perf:21.0.2] AndroidManifest.xml:19:17-82
176            <meta-data
176-->[com.google.firebase:firebase-config:22.0.1] AndroidManifest.xml:29:13-31:85
177                android:name="com.google.firebase.components:com.google.firebase.remoteconfig.FirebaseRemoteConfigKtxRegistrar"
177-->[com.google.firebase:firebase-config:22.0.1] AndroidManifest.xml:30:17-128
178                android:value="com.google.firebase.components.ComponentRegistrar" />
178-->[com.google.firebase:firebase-config:22.0.1] AndroidManifest.xml:31:17-82
179            <meta-data
179-->[com.google.firebase:firebase-config:22.0.1] AndroidManifest.xml:32:13-34:85
180                android:name="com.google.firebase.components:com.google.firebase.remoteconfig.RemoteConfigRegistrar"
180-->[com.google.firebase:firebase-config:22.0.1] AndroidManifest.xml:33:17-117
181                android:value="com.google.firebase.components.ComponentRegistrar" />
181-->[com.google.firebase:firebase-config:22.0.1] AndroidManifest.xml:34:17-82
182            <meta-data
182-->[com.google.firebase:firebase-sessions:2.0.0] AndroidManifest.xml:29:13-31:85
183                android:name="com.google.firebase.components:com.google.firebase.sessions.FirebaseSessionsRegistrar"
183-->[com.google.firebase:firebase-sessions:2.0.0] AndroidManifest.xml:30:17-117
184                android:value="com.google.firebase.components.ComponentRegistrar" />
184-->[com.google.firebase:firebase-sessions:2.0.0] AndroidManifest.xml:31:17-82
185            <meta-data
185-->[com.google.firebase:firebase-installations:18.0.0] AndroidManifest.xml:15:13-17:85
186                android:name="com.google.firebase.components:com.google.firebase.installations.FirebaseInstallationsKtxRegistrar"
186-->[com.google.firebase:firebase-installations:18.0.0] AndroidManifest.xml:16:17-130
187                android:value="com.google.firebase.components.ComponentRegistrar" />
187-->[com.google.firebase:firebase-installations:18.0.0] AndroidManifest.xml:17:17-82
188            <meta-data
188-->[com.google.firebase:firebase-installations:18.0.0] AndroidManifest.xml:18:13-20:85
189                android:name="com.google.firebase.components:com.google.firebase.installations.FirebaseInstallationsRegistrar"
189-->[com.google.firebase:firebase-installations:18.0.0] AndroidManifest.xml:19:17-127
190                android:value="com.google.firebase.components.ComponentRegistrar" />
190-->[com.google.firebase:firebase-installations:18.0.0] AndroidManifest.xml:20:17-82
191            <meta-data
191-->[com.google.firebase:firebase-common-ktx:21.0.0] AndroidManifest.xml:12:13-14:85
192                android:name="com.google.firebase.components:com.google.firebase.ktx.FirebaseCommonLegacyRegistrar"
192-->[com.google.firebase:firebase-common-ktx:21.0.0] AndroidManifest.xml:13:17-116
193                android:value="com.google.firebase.components.ComponentRegistrar" />
193-->[com.google.firebase:firebase-common-ktx:21.0.0] AndroidManifest.xml:14:17-82
194            <meta-data
194-->[com.google.firebase:firebase-common:21.0.0] AndroidManifest.xml:35:13-37:85
195                android:name="com.google.firebase.components:com.google.firebase.FirebaseCommonKtxRegistrar"
195-->[com.google.firebase:firebase-common:21.0.0] AndroidManifest.xml:36:17-109
196                android:value="com.google.firebase.components.ComponentRegistrar" />
196-->[com.google.firebase:firebase-common:21.0.0] AndroidManifest.xml:37:17-82
197            <meta-data
197-->[com.google.firebase:firebase-abt:21.1.1] AndroidManifest.xml:12:13-14:85
198                android:name="com.google.firebase.components:com.google.firebase.abt.component.AbtRegistrar"
198-->[com.google.firebase:firebase-abt:21.1.1] AndroidManifest.xml:13:17-109
199                android:value="com.google.firebase.components.ComponentRegistrar" />
199-->[com.google.firebase:firebase-abt:21.1.1] AndroidManifest.xml:14:17-82
200            <meta-data
200-->[com.google.firebase:firebase-datatransport:18.1.8] AndroidManifest.xml:27:13-29:85
201                android:name="com.google.firebase.components:com.google.firebase.datatransport.TransportRegistrar"
201-->[com.google.firebase:firebase-datatransport:18.1.8] AndroidManifest.xml:28:17-115
202                android:value="com.google.firebase.components.ComponentRegistrar" />
202-->[com.google.firebase:firebase-datatransport:18.1.8] AndroidManifest.xml:29:17-82
203        </service>
204
205        <provider
205-->[:image_picker_android] AndroidManifest.xml:9:9-17:20
206            android:name="io.flutter.plugins.imagepicker.ImagePickerFileProvider"
206-->[:image_picker_android] AndroidManifest.xml:10:13-82
207            android:authorities="com.mycompany.alphachecklist.flutter.image_provider"
207-->[:image_picker_android] AndroidManifest.xml:11:13-74
208            android:exported="false"
208-->[:image_picker_android] AndroidManifest.xml:12:13-37
209            android:grantUriPermissions="true" >
209-->[:image_picker_android] AndroidManifest.xml:13:13-47
210            <meta-data
210-->[:image_picker_android] AndroidManifest.xml:14:13-16:75
211                android:name="android.support.FILE_PROVIDER_PATHS"
211-->[:image_picker_android] AndroidManifest.xml:15:17-67
212                android:resource="@xml/flutter_image_picker_file_paths" />
212-->[:image_picker_android] AndroidManifest.xml:16:17-72
213        </provider> <!-- Trigger Google Play services to install the backported photo picker module. -->
214        <service
214-->[:image_picker_android] AndroidManifest.xml:19:9-31:19
215            android:name="com.google.android.gms.metadata.ModuleDependencies"
215-->[:image_picker_android] AndroidManifest.xml:20:13-78
216            android:enabled="false"
216-->[:image_picker_android] AndroidManifest.xml:21:13-36
217            android:exported="false" >
217-->[:image_picker_android] AndroidManifest.xml:22:13-37
218            <intent-filter>
218-->[:image_picker_android] AndroidManifest.xml:24:13-26:29
219                <action android:name="com.google.android.gms.metadata.MODULE_DEPENDENCIES" />
219-->[:image_picker_android] AndroidManifest.xml:25:17-94
219-->[:image_picker_android] AndroidManifest.xml:25:25-91
220            </intent-filter>
221
222            <meta-data
222-->[:image_picker_android] AndroidManifest.xml:28:13-30:36
223                android:name="photopicker_activity:0:required"
223-->[:image_picker_android] AndroidManifest.xml:29:17-63
224                android:value="" />
224-->[:image_picker_android] AndroidManifest.xml:30:17-33
225        </service>
226
227        <provider
227-->[:open_file_android] AndroidManifest.xml:9:9-19:20
228            android:name="com.crazecoder.openfile.FileProvider"
228-->[:open_file_android] AndroidManifest.xml:10:13-64
229            android:authorities="com.mycompany.alphachecklist.fileProvider.com.crazecoder.openfile"
229-->[:open_file_android] AndroidManifest.xml:11:13-88
230            android:exported="false"
230-->[:open_file_android] AndroidManifest.xml:12:13-37
231            android:grantUriPermissions="true"
231-->[:open_file_android] AndroidManifest.xml:13:13-47
232            android:requestLegacyExternalStorage="true" >
232-->[:open_file_android] AndroidManifest.xml:14:13-56
233            <meta-data
233-->[:image_picker_android] AndroidManifest.xml:14:13-16:75
234                android:name="android.support.FILE_PROVIDER_PATHS"
234-->[:image_picker_android] AndroidManifest.xml:15:17-67
235                android:resource="@xml/filepaths" />
235-->[:image_picker_android] AndroidManifest.xml:16:17-72
236        </provider>
237        <provider
237-->[:printing] AndroidManifest.xml:8:9-16:20
238            android:name="net.nfet.flutter.printing.PrintFileProvider"
238-->[:printing] AndroidManifest.xml:9:13-71
239            android:authorities="com.mycompany.alphachecklist.flutter.printing"
239-->[:printing] AndroidManifest.xml:10:13-68
240            android:exported="false"
240-->[:printing] AndroidManifest.xml:11:13-37
241            android:grantUriPermissions="true" >
241-->[:printing] AndroidManifest.xml:12:13-47
242            <meta-data
242-->[:image_picker_android] AndroidManifest.xml:14:13-16:75
243                android:name="android.support.FILE_PROVIDER_PATHS"
243-->[:image_picker_android] AndroidManifest.xml:15:17-67
244                android:resource="@xml/flutter_printing_file_paths" />
244-->[:image_picker_android] AndroidManifest.xml:16:17-72
245        </provider>
246        <!--
247           Declares a provider which allows us to store files to share in
248           '.../caches/share_plus' and grant the receiving action access
249        -->
250        <provider
250-->[:share_plus] AndroidManifest.xml:13:9-21:20
251            android:name="dev.fluttercommunity.plus.share.ShareFileProvider"
251-->[:share_plus] AndroidManifest.xml:14:13-77
252            android:authorities="com.mycompany.alphachecklist.flutter.share_provider"
252-->[:share_plus] AndroidManifest.xml:15:13-74
253            android:exported="false"
253-->[:share_plus] AndroidManifest.xml:16:13-37
254            android:grantUriPermissions="true" >
254-->[:share_plus] AndroidManifest.xml:17:13-47
255            <meta-data
255-->[:image_picker_android] AndroidManifest.xml:14:13-16:75
256                android:name="android.support.FILE_PROVIDER_PATHS"
256-->[:image_picker_android] AndroidManifest.xml:15:17-67
257                android:resource="@xml/flutter_share_file_paths" />
257-->[:image_picker_android] AndroidManifest.xml:16:17-72
258        </provider>
259        <!--
260           This manifest declared broadcast receiver allows us to use an explicit
261           Intent when creating a PendingItent to be informed of the user's choice
262        -->
263        <receiver
263-->[:share_plus] AndroidManifest.xml:26:9-32:20
264            android:name="dev.fluttercommunity.plus.share.SharePlusPendingIntent"
264-->[:share_plus] AndroidManifest.xml:27:13-82
265            android:exported="false" >
265-->[:share_plus] AndroidManifest.xml:28:13-37
266            <intent-filter>
266-->[:share_plus] AndroidManifest.xml:29:13-31:29
267                <action android:name="EXTRA_CHOSEN_COMPONENT" />
267-->[:share_plus] AndroidManifest.xml:30:17-65
267-->[:share_plus] AndroidManifest.xml:30:25-62
268            </intent-filter>
269        </receiver>
270
271        <activity
271-->[:url_launcher_android] AndroidManifest.xml:8:9-11:74
272            android:name="io.flutter.plugins.urllauncher.WebViewActivity"
272-->[:url_launcher_android] AndroidManifest.xml:9:13-74
273            android:exported="false"
273-->[:url_launcher_android] AndroidManifest.xml:10:13-37
274            android:theme="@android:style/Theme.NoTitleBar.Fullscreen" />
274-->[:url_launcher_android] AndroidManifest.xml:11:13-71
275
276        <service
276-->[me.carda:AndroidAwnCore:0.9.3] AndroidManifest.xml:21:9-28:19
277            android:name="me.carda.awesome_notifications.core.managers.StatusBarManager"
277-->[me.carda:AndroidAwnCore:0.9.3] AndroidManifest.xml:22:13-89
278            android:exported="true"
278-->[me.carda:AndroidAwnCore:0.9.3] AndroidManifest.xml:23:13-36
279            android:label="My Notification Listener Service" >